载入需要的程辑包：methods
载入需要的程辑包：BiocGenerics
载入需要的程辑包：parallel

载入程辑包：‘BiocGenerics’

The following objects are masked from ‘package:parallel’:

    clusterApply, clusterApplyLB, clusterCall, clusterEvalQ,
    clusterExport, clusterMap, parApply, parCapply, parLapply,
    parLapplyLB, parRapply, parSapply, parSapplyLB

The following objects are masked from ‘package:stats’:

    IQR, mad, sd, var, xtabs

The following objects are masked from ‘package:base’:

    anyDuplicated, append, as.data.frame, cbind, colMeans, colnames,
    colSums, do.call, duplicated, eval, evalq, Filter, Find, get, grep,
    grepl, intersect, is.unsorted, lapply, lengths, Map, mapply, match,
    mget, order, paste, pmax, pmax.int, pmin, pmin.int, Position, rank,
    rbind, Reduce, rowMeans, rownames, rowSums, sapply, setdiff, sort,
    table, tapply, union, unique, unsplit, which, which.max, which.min

载入需要的程辑包：S4Vectors
载入需要的程辑包：stats4

载入程辑包：‘S4Vectors’

The following object is masked from ‘package:base’:

    expand.grid

载入需要的程辑包：IRanges
载入需要的程辑包：XVector

载入程辑包：‘Biostrings’

The following object is masked from ‘package:base’:

    strsplit

